<?xml version="1.0" encoding="UTF-8"?>
<!-- Generated by org.testng.reporters.JUnitReportReporter -->
<testsuite hostname="C02ZK1HWLVDR" failures="0" tests="1" name="suites.Sessions" time="0.005" errors="0" timestamp="29 Mar 2022 17:54:57 GMT" skipped="0">
  <testcase classname="suites.Sessions" name="login" time="0.005"/>
</testsuite> <!-- suites.Sessions -->
