<?xml version="1.0" encoding="UTF-8"?>
<!-- Generated by org.testng.reporters.JUnitReportReporter -->
<testsuite hostname="C02ZK1HWLVDR" failures="0" tests="1" name="suites.Sessions" time="0.003" errors="0" timestamp="31 Mar 2022 20:28:17 GMT" skipped="0">
  <testcase classname="suites.Sessions" name="login" time="0.003"/>
</testsuite> <!-- suites.Sessions -->
